{"R:\\NamasteReactNew\\src\\components\\Contacts.js": {"path":"R:\\NamasteReactNew\\src\\components\\Contacts.js","statementMap":{"0":{"start":{"line":1,"column":15},"end":{"line":12,"column":1}},"1":{"start":{"line":2,"column":2},"end":{"line":11,"column":4}}},"fnMap":{"0":{"name":"(anonymous_0)","decl":{"start":{"line":1,"column":15},"end":{"line":1,"column":16}},"loc":{"start":{"line":1,"column":19},"end":{"line":12,"column":1}},"line":1}},"branchMap":{},"s":{"0":1,"1":4},"f":{"0":4},"b":{},"_coverageSchema":"1a1c01bbd47fc00a2c39e90264f33305004495a9","hash":"a4e7bfb483e167faf4071c844a48f44f66148545"}
,"R:\\NamasteReactNew\\src\\components\\Header.js": {"path":"R:\\NamasteReactNew\\src\\components\\Header.js","statementMap":{"0":{"start":{"line":10,"column":13},"end":{"line":55,"column":1}},"1":{"start":{"line":13,"column":37},"end":{"line":13,"column":54}},"2":{"start":{"line":15,"column":19},"end":{"line":15,"column":36}},"3":{"start":{"line":21,"column":2},"end":{"line":54,"column":4}},"4":{"start":{"line":45,"column":12},"end":{"line":46,"column":38}}},"fnMap":{"0":{"name":"(anonymous_0)","decl":{"start":{"line":10,"column":13},"end":{"line":10,"column":14}},"loc":{"start":{"line":10,"column":17},"end":{"line":55,"column":1}},"line":10},"1":{"name":"(anonymous_1)","decl":{"start":{"line":44,"column":65},"end":{"line":44,"column":66}},"loc":{"start":{"line":44,"column":69},"end":{"line":47,"column":11}},"line":44}},"branchMap":{"0":{"loc":{"start":{"line":32,"column":27},"end":{"line":32,"column":50}},"type":"cond-expr","locations":[{"start":{"line":32,"column":42},"end":{"line":32,"column":45}},{"start":{"line":32,"column":46},"end":{"line":32,"column":50}}],"line":32},"1":{"loc":{"start":{"line":45,"column":12},"end":{"line":46,"column":37}},"type":"cond-expr","locations":[{"start":{"line":45,"column":39},"end":{"line":45,"column":64}},{"start":{"line":46,"column":13},"end":{"line":46,"column":37}}],"line":45}},"s":{"0":1,"1":3,"2":3,"3":3,"4":1},"f":{"0":3,"1":1},"b":{"0":[3,0],"1":[1,0]},"_coverageSchema":"1a1c01bbd47fc00a2c39e90264f33305004495a9","hash":"a35838b9b57d5380e9f317fbabb7edbd329abf5e"}
,"R:\\NamasteReactNew\\src\\utils\\appStore.js": {"path":"R:\\NamasteReactNew\\src\\utils\\appStore.js","statementMap":{"0":{"start":{"line":4,"column":15},"end":{"line":8,"column":2}}},"fnMap":{},"branchMap":{},"s":{"0":1},"f":{},"b":{},"_coverageSchema":"1a1c01bbd47fc00a2c39e90264f33305004495a9","hash":"fc1a2d87385427f4d3f953f8baf834626f153034"}
,"R:\\NamasteReactNew\\src\\utils\\cartSlice.js": {"path":"R:\\NamasteReactNew\\src\\utils\\cartSlice.js","statementMap":{"0":{"start":{"line":3,"column":16},"end":{"line":20,"column":1}},"1":{"start":{"line":10,"column":11},"end":{"line":10,"column":44}},"2":{"start":{"line":13,"column":6},"end":{"line":13,"column":24}},"3":{"start":{"line":16,"column":6},"end":{"line":16,"column":27}},"4":{"start":{"line":21,"column":43},"end":{"line":21,"column":60}}},"fnMap":{"0":{"name":"(anonymous_0)","decl":{"start":{"line":9,"column":13},"end":{"line":9,"column":14}},"loc":{"start":{"line":9,"column":29},"end":{"line":11,"column":6}},"line":9},"1":{"name":"(anonymous_1)","decl":{"start":{"line":12,"column":16},"end":{"line":12,"column":17}},"loc":{"start":{"line":12,"column":32},"end":{"line":14,"column":6}},"line":12},"2":{"name":"(anonymous_2)","decl":{"start":{"line":15,"column":15},"end":{"line":15,"column":16}},"loc":{"start":{"line":15,"column":31},"end":{"line":17,"column":6}},"line":15}},"branchMap":{},"s":{"0":1,"1":0,"2":0,"3":0,"4":1},"f":{"0":0,"1":0,"2":0},"b":{},"_coverageSchema":"1a1c01bbd47fc00a2c39e90264f33305004495a9","hash":"05b3d0d019a825e9a5cfa37c58496ca21a898471"}
,"R:\\NamasteReactNew\\src\\utils\\constants.js": {"path":"R:\\NamasteReactNew\\src\\utils\\constants.js","statementMap":{"0":{"start":{"line":2,"column":0},"end":{"line":2,"column":72}},"1":{"start":{"line":5,"column":0},"end":{"line":5,"column":101}},"2":{"start":{"line":8,"column":0},"end":{"line":8,"column":108}},"3":{"start":{"line":11,"column":0},"end":{"line":11,"column":8057}},"4":{"start":{"line":14,"column":1},"end":{"line":14,"column":124}}},"fnMap":{},"branchMap":{},"s":{"0":1,"1":1,"2":1,"3":1,"4":1},"f":{},"b":{},"_coverageSchema":"1a1c01bbd47fc00a2c39e90264f33305004495a9","hash":"a70390f03d8f031882db82269b22a69bff8f3778"}
,"R:\\NamasteReactNew\\src\\utils\\useOnlineStatus.jsx": {"path":"R:\\NamasteReactNew\\src\\utils\\useOnlineStatus.jsx","statementMap":{"0":{"start":{"line":3,"column":22},"end":{"line":18,"column":1}},"1":{"start":{"line":4,"column":38},"end":{"line":4,"column":52}},"2":{"start":{"line":6,"column":2},"end":{"line":14,"column":7}},"3":{"start":{"line":7,"column":4},"end":{"line":9,"column":7}},"4":{"start":{"line":8,"column":6},"end":{"line":8,"column":29}},"5":{"start":{"line":11,"column":3},"end":{"line":13,"column":6}},"6":{"start":{"line":12,"column":4},"end":{"line":12,"column":26}},"7":{"start":{"line":17,"column":0},"end":{"line":17,"column":20}}},"fnMap":{"0":{"name":"(anonymous_0)","decl":{"start":{"line":3,"column":22},"end":{"line":3,"column":23}},"loc":{"start":{"line":3,"column":26},"end":{"line":18,"column":1}},"line":3},"1":{"name":"(anonymous_1)","decl":{"start":{"line":6,"column":12},"end":{"line":6,"column":13}},"loc":{"start":{"line":6,"column":16},"end":{"line":14,"column":3}},"line":6},"2":{"name":"(anonymous_2)","decl":{"start":{"line":7,"column":38},"end":{"line":7,"column":39}},"loc":{"start":{"line":7,"column":42},"end":{"line":9,"column":5}},"line":7},"3":{"name":"(anonymous_3)","decl":{"start":{"line":11,"column":36},"end":{"line":11,"column":37}},"loc":{"start":{"line":11,"column":40},"end":{"line":13,"column":4}},"line":11}},"branchMap":{},"s":{"0":1,"1":3,"2":3,"3":2,"4":0,"5":2,"6":0,"7":3},"f":{"0":3,"1":2,"2":0,"3":0},"b":{},"_coverageSchema":"1a1c01bbd47fc00a2c39e90264f33305004495a9","hash":"8314d71f484183c88c758ce0d5ebd23bfae2bd32"}
}
